<?xml version="1.0" encoding="UTF-8"?>
<testng-results ignored="0" total="1" passed="1" failed="0" skipped="0">
  <reporter-output>
  </reporter-output>
  <suite started-at="2023-06-02T13:10:13 IST" name="Default suite" finished-at="2023-06-02T13:12:12 IST" duration-ms="118598">
    <groups>
    </groups>
    <test started-at="2023-06-02T13:10:13 IST" name="Default test" finished-at="2023-06-02T13:12:12 IST" duration-ms="118598">
      <class name="com.demomaven.testscript.TestCampainProduct">
        <test-method is-config="true" signature="openbrowser()[pri:0, instance:com.demomaven.testscript.TestCampainProduct@20deea7f]" started-at="2023-06-02T13:10:13 IST" name="openbrowser" finished-at="2023-06-02T13:10:41 IST" duration-ms="27251" status="PASS">
          <reporter-output>
          </reporter-output>
        </test-method> <!-- openbrowser -->
        <test-method is-config="true" signature="login()[pri:0, instance:com.demomaven.testscript.TestCampainProduct@20deea7f]" started-at="2023-06-02T13:10:41 IST" name="login" finished-at="2023-06-02T13:11:07 IST" duration-ms="25853" status="PASS">
          <reporter-output>
          </reporter-output>
        </test-method> <!-- login -->
        <test-method signature="CreateCampProd()[pri:0, instance:com.demomaven.testscript.TestCampainProduct@20deea7f]" started-at="2023-06-02T13:11:07 IST" name="CreateCampProd" finished-at="2023-06-02T13:12:06 IST" duration-ms="59758" status="PASS">
          <reporter-output>
          </reporter-output>
        </test-method> <!-- CreateCampProd -->
        <test-method is-config="true" signature="logout()[pri:0, instance:com.demomaven.testscript.TestCampainProduct@20deea7f]" started-at="2023-06-02T13:12:06 IST" name="logout" finished-at="2023-06-02T13:12:09 IST" duration-ms="2368" status="PASS">
          <reporter-output>
          </reporter-output>
        </test-method> <!-- logout -->
        <test-method is-config="true" signature="closeBrowser()[pri:0, instance:com.demomaven.testscript.TestCampainProduct@20deea7f]" started-at="2023-06-02T13:12:09 IST" name="closeBrowser" finished-at="2023-06-02T13:12:12 IST" duration-ms="3246" status="PASS">
          <reporter-output>
          </reporter-output>
        </test-method> <!-- closeBrowser -->
      </class> <!-- com.demomaven.testscript.TestCampainProduct -->
    </test> <!-- Default test -->
  </suite> <!-- Default suite -->
</testng-results>
